<?xml version="1.0" encoding="UTF-8"?>
<!-- Generated by org.testng.reporters.JUnitReportReporter -->
<testsuite hostname="DESKTOP-VMOESQQ" failures="0" tests="1" name="edu.AutomationLearning.MyFirstJavaProgram" time="0.016" errors="0" timestamp="2022-07-02T13:24:41 IST" skipped="0">
  <testcase classname="edu.AutomationLearning.MyFirstJavaProgram" name="sampleMethod" time="0.016"/>
  <system-out/>
</testsuite> <!-- edu.AutomationLearning.MyFirstJavaProgram -->
